<?xml version="1.0" encoding="UTF-8"?>
<!-- Generated by org.testng.reporters.JUnitXMLReporter -->
<testsuite ignored="0" hostname="hakkim" failures="1" tests="1" name="Test(failed)(failed)" time="17.141" errors="0" timestamp="2026-04-27T18:35:43 IST">
  <testcase classname="testCases.TC_003_LoginDDT_Test" name="loginddt" time="11.575">
    <failure type="java.lang.AssertionError" message="null">
      <![CDATA[java.lang.AssertionError: null
at testCases.TC_003_LoginDDT_Test.loginddt(TC_003_LoginDDT_Test.java:47)
at java.base/java.util.ArrayList.forEach(ArrayList.java:1596)
... Removed 27 stack frames]]>
    </failure>
  </testcase> <!-- loginddt -->
</testsuite> <!-- Test(failed)(failed) -->
