<?xml version="1.0" encoding="UTF-8"?>
<testng-results ignored="0" total="1" passed="1" failed="0" skipped="0">
  <reporter-output>
  </reporter-output>
  <suite started-at="2026-04-29T20:10:06 IST" name="Suite" finished-at="2026-04-29T20:10:12 IST" duration-ms="6303">
    <groups>
      <group name="Master">
        <method signature="TC_002_Login_Test.Login_Test()[pri:0, instance:testCases.TC_002_Login_Test@5ccbeb64]" name="Login_Test" class="testCases.TC_002_Login_Test"/>
      </group> <!-- Master -->
      <group name="Sanity">
        <method signature="TC_002_Login_Test.Login_Test()[pri:0, instance:testCases.TC_002_Login_Test@5ccbeb64]" name="Login_Test" class="testCases.TC_002_Login_Test"/>
      </group> <!-- Sanity -->
    </groups>
    <test started-at="2026-04-29T20:10:06 IST" name="Test" finished-at="2026-04-29T20:10:12 IST" duration-ms="6303">
      <class name="testCases.TC_002_Login_Test">
        <test-method is-config="true" signature="before(java.lang.String,java.lang.String)[pri:0, instance:testCases.TC_002_Login_Test@5ccbeb64]" started-at="2026-04-29T20:10:06 IST" name="before" finished-at="2026-04-29T20:10:08 IST" duration-ms="2527" status="PASS">
          <params>
            <param index="0">
              <value>
                <![CDATA[windows]]>
              </value>
            </param>
            <param index="1">
              <value>
                <![CDATA[chrome]]>
              </value>
            </param>
          </params>
          <reporter-output>
          </reporter-output>
        </test-method> <!-- before -->
        <test-method signature="Login_Test()[pri:0, instance:testCases.TC_002_Login_Test@5ccbeb64]" started-at="2026-04-29T20:10:08 IST" name="Login_Test" finished-at="2026-04-29T20:10:12 IST" duration-ms="3440" status="PASS">
          <reporter-output>
          </reporter-output>
        </test-method> <!-- Login_Test -->
        <test-method is-config="true" signature="after()[pri:0, instance:testCases.TC_002_Login_Test@5ccbeb64]" started-at="2026-04-29T20:10:12 IST" name="after" finished-at="2026-04-29T20:10:12 IST" duration-ms="284" status="PASS">
          <reporter-output>
          </reporter-output>
        </test-method> <!-- after -->
      </class> <!-- testCases.TC_002_Login_Test -->
    </test> <!-- Test -->
  </suite> <!-- Suite -->
</testng-results>
