<?xml version="1.0" encoding="UTF-8"?>
<!-- Generated by org.testng.reporters.JUnitReportReporter -->
<testsuite hostname="hakkim" failures="0" tests="3" name="testCases.TC_001_AccountRegistration_Test" time="9.898" errors="0" timestamp="2026-04-28T00:36:56 IST" skipped="0">
  <testcase classname="testCases.TC_001_AccountRegistration_Test" name="Verify_Account_Register" time="3.960"/>
  <testcase classname="testCases.TC_001_AccountRegistration_Test" name="Verify_Account_Register" time="1.857"/>
  <testcase classname="testCases.TC_001_AccountRegistration_Test" name="Verify_Account_Register" time="4.081"/>
</testsuite> <!-- testCases.TC_001_AccountRegistration_Test -->
